<?xml version="1.0" encoding="UTF-8"?>
<testng-results total="1" passed="1" failed="0" skipped="0">
  <reporter-output>
  </reporter-output>
  <suite started-at="2019-10-02T15:03:19Z" name="Surefire suite" finished-at="2019-10-02T15:03:19Z" duration-ms="46">
    <groups>
    </groups>
    <test started-at="2019-10-02T15:03:19Z" name="Surefire test" finished-at="2019-10-02T15:03:19Z" duration-ms="46">
      <class name="org.example.AppTest">
        <test-method signature="shouldAnswerWithTrue()[pri:0, instance:shouldAnswerWithTrue(org.example.AppTest)]" started-at="2019-10-02T15:03:19Z" name="shouldAnswerWithTrue" finished-at="2019-10-02T15:03:19Z" duration-ms="13" status="PASS">
        </test-method> <!-- shouldAnswerWithTrue -->
      </class> <!-- org.example.AppTest -->
    </test> <!-- Surefire test -->
  </suite> <!-- Surefire suite -->
</testng-results>
