<?xml version="1.0" encoding="UTF-8"?>
<testng-results skipped="0" failed="0" total="1" passed="1">
  <reporter-output>
  </reporter-output>
  <suite name="Surefire suite" duration-ms="59" started-at="2019-10-02T20:35:46Z" finished-at="2019-10-02T20:35:46Z">
    <groups>
    </groups>
    <test name="Surefire test" duration-ms="59" started-at="2019-10-02T20:35:46Z" finished-at="2019-10-02T20:35:46Z">
      <class name="org.example.AppTest">
        <test-method status="PASS" signature="shouldAnswerWithTrue()[pri:0, instance:shouldAnswerWithTrue(org.example.AppTest)]" name="shouldAnswerWithTrue" duration-ms="2" started-at="2019-10-02T20:35:46Z" finished-at="2019-10-02T20:35:46Z">
        </test-method> <!-- shouldAnswerWithTrue -->
      </class> <!-- org.example.AppTest -->
    </test> <!-- Surefire test -->
  </suite> <!-- Surefire suite -->
</testng-results>
